\BOOKMARK [1][-]{toc1.1}{\376\377\000S\000u\000m\000\341\000r\000i\000o}{}% 1
\BOOKMARK [1][-]{toc2.1}{\376\377\000L\000i\000s\000t\000a\000\040\000d\000e\000\040\000t\000a\000b\000e\000l\000a\000s}{}% 2
\BOOKMARK [1][-]{section.1}{\376\377\0001\000\040\000E\000s\000c\000o\000p\000o}{}% 3
\BOOKMARK [1][-]{section.2}{\376\377\0002\000\040\000C\000o\000n\000s\000i\000d\000e\000r\000a\000\347\000\365\000e\000s\000\040\000i\000n\000i\000c\000i\000a\000i\000s}{}% 4
\BOOKMARK [2][-]{subsection.2.1}{\376\377\0002\000.\0001\000\040\000I\000n\000t\000r\000o\000d\000u\000\347\000\343\000o}{section.2}% 5
\BOOKMARK [2][-]{subsection.2.2}{\376\377\0002\000.\0002\000\040\000H\000i\000s\000t\000\363\000r\000i\000c\000o\000\040\000d\000o\000\040\000p\000r\000o\000j\000e\000t\000o}{section.2}% 6
\BOOKMARK [2][-]{subsection.2.3}{\376\377\0002\000.\0003\000\040\000O\000\040\000q\000u\000e\000\040\000o\000\040\000a\000b\000n\000T\000e\000X\0002\000\040\000t\000r\000a\000z\000\040\000d\000e\000\040\000n\000o\000v\000o\000\040\000e\000m\000\040\000r\000e\000l\000a\000\347\000\343\000o\000\040\000a\000o\000\040\000a\000b\000n\000T\000e\000X\0001\000?}{section.2}% 7
\BOOKMARK [2][-]{subsection.2.4}{\376\377\0002\000.\0004\000\040\000C\000o\000m\000p\000a\000t\000i\000b\000i\000l\000i\000d\000a\000d\000e\000\040\000e\000n\000t\000r\000e\000\040\000a\000s\000\040\000v\000e\000r\000s\000\365\000e\000s\000\040\0001\000\040\000e\000\040\0002\000\040\000d\000o\000\040\000a\000b\000n\000T\000e\000X}{section.2}% 8
\BOOKMARK [2][-]{subsection.2.5}{\376\377\0002\000.\0005\000\040\000L\000i\000c\000e\000n\000\347\000a\000\040\000d\000e\000\040\000u\000s\000o\000\040\000e\000\040\000c\000u\000s\000t\000o\000m\000i\000z\000a\000\347\000\365\000e\000s\000\040\000p\000a\000r\000a\000\040\000u\000n\000i\000v\000e\000r\000s\000i\000d\000a\000d\000e\000s\000\040\000e\000\040\000o\000u\000t\000r\000a\000s\000\040\000i\000n\000s\000t\000i\000t\000u\000i\000\347\000\365\000e\000s}{section.2}% 9
\BOOKMARK [1][-]{section.3}{\376\377\0003\000\040\000E\000s\000t\000r\000u\000t\000u\000r\000a\000\040\000g\000e\000r\000a\000l\000\040\000d\000e\000\040\000d\000o\000c\000u\000m\000e\000n\000t\000o\000s\000\040\000t\000\351\000c\000n\000i\000c\000o\000s\000\040\000e\000\040\000c\000i\000e\000n\000t\000\355\000f\000i\000c\000o\000s\000\040\000b\000r\000a\000s\000i\000l\000e\000i\000r\000o\000s}{}% 10
\BOOKMARK [1][-]{section.4}{\376\377\0004\000\040\000C\000o\000n\000f\000i\000g\000u\000r\000a\000\347\000\365\000e\000s\000\040\000g\000e\000r\000a\000i\000s}{}% 11
\BOOKMARK [2][-]{subsection.4.1}{\376\377\0004\000.\0001\000\040\000C\000o\000d\000i\000f\000i\000c\000a\000\347\000\343\000o\000\040\000d\000o\000s\000\040\000a\000r\000q\000u\000i\000v\000o\000s\000:\000\040\000U\000T\000F\0008}{section.4}% 12
\BOOKMARK [2][-]{subsection.4.2}{\376\377\0004\000.\0002\000\040\000A\000\040\000c\000l\000a\000s\000s\000e\000\040\000a\000b\000n\000t\000e\000x\0002\000\040\000c\000o\000m\000o\000\040\000e\000x\000t\000e\000n\000s\000\343\000o\000\040\000d\000e\000\040\000m\000e\000m\000o\000i\000r}{section.4}% 13
\BOOKMARK [3][-]{subsubsection.4.2.1}{\376\377\0004\000.\0002\000.\0001\000\040\000O\000\040\000t\000a\000m\000a\000n\000h\000o\000\040\000d\000o\000\040\000p\000a\000p\000e\000l}{subsection.4.2}% 14
\BOOKMARK [3][-]{subsubsection.4.2.2}{\376\377\0004\000.\0002\000.\0002\000\040\000I\000m\000p\000r\000e\000s\000s\000\343\000o\000\040\000e\000m\000\040\000a\000n\000v\000e\000r\000s\000o\000\040\000e\000\040\000v\000e\000r\000s\000o}{subsection.4.2}% 15
\BOOKMARK [3][-]{subsubsection.4.2.3}{\376\377\0004\000.\0002\000.\0003\000\040\000O\000p\000\347\000\343\000o\000\040\000a\000r\000t\000i\000c\000l\000e}{subsection.4.2}% 16
\BOOKMARK [3][-]{subsubsection.4.2.4}{\376\377\0004\000.\0002\000.\0004\000\040\000A\000s\000\040\000o\000p\000\347\000\365\000e\000s\000\040\000d\000e\000\040\000t\000a\000m\000a\000n\000h\000o\000\040\000d\000e\000\040\000f\000o\000n\000t\000e\000\040\000e\000\040\000o\000\040\000t\000a\000m\000a\000n\000h\000o\000\040\000`\000`\000m\000e\000n\000o\000r\000\040\000e\000\040\000u\000n\000i\000f\000o\000r\000m\000e\000'\000'}{subsection.4.2}% 17
\BOOKMARK [3][-]{subsubsection.4.2.5}{\376\377\0004\000.\0002\000.\0005\000\040\000O\000p\000\347\000\365\000e\000s\000\040\000e\000s\000p\000e\000c\000\355\000f\000i\000c\000a\000s\000\040\000d\000a\000\040\000c\000l\000a\000s\000s\000e\000\040\000a\000b\000n\000t\000e\000x\0002\000:\000\040\000t\000\355\000t\000u\000l\000o\000s\000\040\000d\000e\000\040\000d\000i\000v\000i\000s\000\365\000e\000s\000\040\000e\000m\000\040\000l\000e\000t\000r\000a\000s\000\040\000m\000a\000i\000\372\000s\000c\000u\000l\000a\000s}{subsection.4.2}% 18
\BOOKMARK [3][-]{subsubsection.4.2.6}{\376\377\0004\000.\0002\000.\0006\000\040\000O\000p\000\347\000\365\000e\000s\000\040\000e\000s\000p\000e\000c\000\355\000f\000i\000c\000a\000s\000\040\000d\000a\000\040\000c\000l\000a\000s\000s\000e\000\040\000a\000b\000n\000t\000e\000x\0002\000:\000\040\000a\000l\000t\000e\000r\000n\000a\000t\000i\000v\000a\000s\000\040\000d\000e\000\040\000s\000u\000m\000\341\000r\000i\000o}{subsection.4.2}% 19
\BOOKMARK [2][-]{subsection.4.3}{\376\377\0004\000.\0003\000\040\000E\000s\000p\000a\000\347\000a\000m\000e\000n\000t\000o\000s\000\040\000e\000n\000t\000r\000e\000\040\000p\000a\000r\000\341\000g\000r\000a\000f\000o\000s\000\040\000e\000\040\000l\000i\000n\000h\000a\000s}{section.4}% 20
\BOOKMARK [3][-]{subsubsection.4.3.1}{\376\377\0004\000.\0003\000.\0001\000\040\000T\000a\000m\000a\000n\000h\000o\000\040\000d\000o\000\040\000p\000a\000r\000\341\000g\000r\000a\000f\000o}{subsection.4.3}% 21
\BOOKMARK [3][-]{subsubsection.4.3.2}{\376\377\0004\000.\0003\000.\0002\000\040\000T\000a\000m\000a\000n\000h\000o\000\040\000d\000o\000\040\000p\000r\000i\000m\000e\000i\000r\000o\000\040\000p\000a\000r\000\341\000g\000r\000a\000f\000o}{subsection.4.3}% 22
\BOOKMARK [3][-]{subsubsection.4.3.3}{\376\377\0004\000.\0003\000.\0003\000\040\000E\000s\000p\000a\000\347\000a\000m\000e\000n\000t\000o\000\040\000e\000n\000t\000r\000e\000\040\000p\000a\000r\000\341\000g\000r\000a\000f\000o\000s}{subsection.4.3}% 23
\BOOKMARK [3][-]{subsubsection.4.3.4}{\376\377\0004\000.\0003\000.\0004\000\040\000E\000s\000p\000a\000\347\000a\000m\000e\000n\000t\000o\000\040\000e\000n\000t\000r\000e\000\040\000l\000i\000n\000h\000a\000s}{subsection.4.3}% 24
\BOOKMARK [2][-]{subsection.4.4}{\376\377\0004\000.\0004\000\040\000M\000a\000r\000g\000e\000n\000s}{section.4}% 25
\BOOKMARK [2][-]{subsection.4.5}{\376\377\0004\000.\0005\000\040\000N\000u\000m\000e\000r\000a\000\347\000\343\000o\000\040\000c\000o\000n\000t\000\355\000n\000u\000a\000\040\000d\000e\000\040\000f\000i\000g\000u\000r\000a\000s\000\040\000e\000\040\000t\000a\000b\000e\000l\000a\000s}{section.4}% 26
\BOOKMARK [2][-]{subsection.4.6}{\376\377\0004\000.\0006\000\040\000\315\000n\000d\000i\000c\000e\000\040\000d\000o\000\040\000P\000D\000F\000\040\000c\000o\000m\000\040\000p\000a\000c\000o\000t\000e\000\040\000b\000o\000o\000k\000m\000a\000r\000k}{section.4}% 27
\BOOKMARK [2][-]{subsection.4.7}{\376\377\0004\000.\0007\000\040\000F\000o\000n\000t\000e\000s\000\040\000d\000e\000\040\000t\000e\000x\000t\000o}{section.4}% 28
\BOOKMARK [3][-]{subsubsection.4.7.1}{\376\377\0004\000.\0007\000.\0001\000\040\000F\000o\000n\000t\000e\000s\000\040\000c\000o\000m\000\040\000X\000e\000L\000a\000T\000e\000X}{subsection.4.7}% 29
\BOOKMARK [2][-]{subsection.4.8}{\376\377\0004\000.\0008\000\040\000I\000n\000t\000e\000r\000n\000a\000c\000i\000o\000n\000a\000l\000i\000z\000a\000\347\000\343\000o}{section.4}% 30
\BOOKMARK [3][-]{subsubsection.4.8.1}{\376\377\0004\000.\0008\000.\0001\000\040\000H\000i\000f\000e\000n\000i\000z\000a\000\347\000\343\000o\000\040\000e\000\040\000d\000i\000f\000e\000r\000e\000n\000t\000e\000s\000\040\000i\000d\000i\000o\000m\000a\000s}{subsection.4.8}% 31
\BOOKMARK [3][-]{subsubsection.4.8.2}{\376\377\0004\000.\0008\000.\0002\000\040\000A\000l\000t\000e\000r\000a\000\347\000\365\000e\000s\000\040\000d\000e\000\040\000n\000o\000m\000e\000s\000\040\000p\000a\000d\000r\000o\000n\000i\000z\000a\000d\000o\000s\000\040\000p\000o\000r\000\040\000b\000a\000b\000e\000l}{subsection.4.8}% 32
\BOOKMARK [3][-]{subsubsection.4.8.3}{\376\377\0004\000.\0008\000.\0003\000\040\000D\000o\000c\000u\000m\000e\000n\000t\000o\000s\000\040\000e\000m\000\040\000d\000i\000f\000e\000r\000e\000n\000t\000e\000s\000\040\000i\000d\000i\000o\000m\000a\000s}{subsection.4.8}% 33
\BOOKMARK [2][-]{subsection.4.9}{\376\377\0004\000.\0009\000\040\000M\000a\000c\000r\000o\000s\000\040\000d\000e\000\040\000d\000a\000d\000o\000s\000\040\000d\000o\000\040\000d\000o\000c\000u\000m\000e\000n\000t\000o}{section.4}% 34
\BOOKMARK [3][-]{subsubsection.4.9.1}{\376\377\0004\000.\0009\000.\0001\000\040\000T\000\355\000t\000u\000l\000o}{subsection.4.9}% 35
\BOOKMARK [3][-]{subsubsection.4.9.2}{\376\377\0004\000.\0009\000.\0002\000\040\000T\000\355\000t\000u\000l\000o\000\040\000e\000s\000t\000r\000a\000n\000g\000e\000i\000r\000o}{subsection.4.9}% 36
\BOOKMARK [3][-]{subsubsection.4.9.3}{\376\377\0004\000.\0009\000.\0003\000\040\000A\000u\000t\000o\000r}{subsection.4.9}% 37
\BOOKMARK [3][-]{subsubsection.4.9.4}{\376\377\0004\000.\0009\000.\0004\000\040\000D\000a\000t\000a}{subsection.4.9}% 38
\BOOKMARK [3][-]{subsubsection.4.9.5}{\376\377\0004\000.\0009\000.\0005\000\040\000I\000n\000s\000t\000i\000t\000u\000i\000\347\000\343\000o}{subsection.4.9}% 39
\BOOKMARK [3][-]{subsubsection.4.9.6}{\376\377\0004\000.\0009\000.\0006\000\040\000L\000o\000c\000a\000l\000i\000d\000a\000d\000e}{subsection.4.9}% 40
\BOOKMARK [3][-]{subsubsection.4.9.7}{\376\377\0004\000.\0009\000.\0007\000\040\000P\000r\000e\000\342\000m\000b\000u\000l\000o}{subsection.4.9}% 41
\BOOKMARK [3][-]{subsubsection.4.9.8}{\376\377\0004\000.\0009\000.\0008\000\040\000T\000i\000p\000o\000\040\000d\000e\000\040\000t\000r\000a\000b\000a\000l\000h\000o}{subsection.4.9}% 42
\BOOKMARK [3][-]{subsubsection.4.9.9}{\376\377\0004\000.\0009\000.\0009\000\040\000O\000r\000i\000e\000n\000t\000a\000d\000o\000r}{subsection.4.9}% 43
\BOOKMARK [3][-]{subsubsection.4.9.10}{\376\377\0004\000.\0009\000.\0001\0000\000\040\000C\000o\000o\000r\000i\000e\000n\000t\000a\000d\000o\000r}{subsection.4.9}% 44
\BOOKMARK [3][-]{subsubsection.4.9.11}{\376\377\0004\000.\0009\000.\0001\0001\000\040\000E\000x\000e\000m\000p\000l\000o\000\040\000d\000e\000\040\000u\000s\000o\000\040\000h\000y\000p\000e\000r\000r\000e\000f\000\040\000c\000o\000m\000\040\000d\000a\000d\000o\000s\000\040\000d\000o\000\040\000d\000o\000c\000u\000m\000e\000n\000t\000o}{subsection.4.9}% 45
\BOOKMARK [2][-]{subsection.4.10}{\376\377\0004\000.\0001\0000\000\040\000C\000o\000n\000f\000i\000g\000u\000r\000a\000\347\000\365\000e\000s\000\040\000p\000a\000r\000a\000\040\000r\000e\000m\000i\000s\000s\000\365\000e\000s\000\040\000i\000n\000t\000e\000r\000n\000a\000s\000\040\000c\000o\000m\000\040\000a\000u\000t\000o\000r\000e\000f}{section.4}% 46
\BOOKMARK [2][-]{subsection.4.11}{\376\377\0004\000.\0001\0001\000\040\000F\000i\000n\000a\000l\000i\000z\000a\000\347\000\343\000o\000\040\000d\000e\000\040\000p\000a\000r\000t\000e\000s\000\040\000c\000o\000m\000\040\000p\000h\000a\000n\000t\000o\000m\000p\000a\000r\000t}{section.4}% 47
\BOOKMARK [1][-]{section.5}{\376\377\0005\000\040\000E\000l\000e\000m\000e\000n\000t\000o\000s\000\040\000p\000r\000\351\000-\000t\000e\000x\000t\000u\000a\000i\000s\000\040\000e\000\040\000P\000a\000r\000t\000e\000\040\000e\000x\000t\000e\000r\000n\000a}{}% 48
\BOOKMARK [2][-]{subsection.5.1}{\376\377\0005\000.\0001\000\040\000C\000a\000p\000a\000\040\000\050\000o\000b\000r\000i\000g\000a\000t\000\363\000r\000i\000o\000\051}{section.5}% 49
\BOOKMARK [2][-]{subsection.5.2}{\376\377\0005\000.\0002\000\040\000F\000o\000l\000h\000a\000\040\000d\000e\000\040\000r\000o\000s\000t\000o\000\040\000\050\000o\000b\000r\000i\000g\000a\000t\000\363\000r\000i\000o\000\051}{section.5}% 50
\BOOKMARK [2][-]{subsection.5.3}{\376\377\0005\000.\0003\000\040\000F\000i\000c\000h\000a\000\040\000C\000a\000t\000a\000l\000o\000g\000r\000\341\000f\000i\000c\000a\000\040\000\050\000D\000a\000d\000o\000s\000\040\000d\000e\000\040\000c\000a\000t\000a\000l\000o\000g\000a\000\347\000\343\000o\000-\000n\000a\000-\000p\000u\000b\000l\000i\000c\000a\000\347\000\343\000o\000\051\000\040\000\050\000o\000b\000r\000i\000g\000a\000t\000\363\000r\000i\000o\000\051}{section.5}% 51
\BOOKMARK [2][-]{subsection.5.4}{\376\377\0005\000.\0004\000\040\000E\000r\000r\000a\000t\000a\000\040\000\050\000o\000p\000c\000i\000o\000n\000a\000l\000\051}{section.5}% 52
\BOOKMARK [2][-]{subsection.5.5}{\376\377\0005\000.\0005\000\040\000F\000o\000l\000h\000a\000\040\000d\000e\000\040\000a\000p\000r\000o\000v\000a\000\347\000\343\000o\000\040\000\050\000o\000b\000r\000i\000g\000a\000t\000\363\000r\000i\000o\000\051}{section.5}% 53
\BOOKMARK [2][-]{subsection.5.6}{\376\377\0005\000.\0006\000\040\000D\000e\000d\000i\000c\000a\000t\000\363\000r\000i\000a\000\040\000\050\000o\000p\000c\000i\000o\000n\000a\000l\000\051}{section.5}% 54
\BOOKMARK [2][-]{subsection.5.7}{\376\377\0005\000.\0007\000\040\000A\000g\000r\000a\000d\000e\000c\000i\000m\000e\000n\000t\000o\000s\000\040\000\050\000o\000p\000c\000i\000o\000n\000a\000l\000\051}{section.5}% 55
\BOOKMARK [2][-]{subsection.5.8}{\376\377\0005\000.\0008\000\040\000E\000p\000\355\000g\000r\000a\000f\000e\000\040\000\050\000o\000p\000c\000i\000o\000n\000a\000l\000\051}{section.5}% 56
\BOOKMARK [2][-]{subsection.5.9}{\376\377\0005\000.\0009\000\040\000R\000e\000s\000u\000m\000o\000s\000\040\000e\000m\000\040\000l\000\355\000n\000g\000u\000a\000\040\000v\000e\000r\000n\000\341\000c\000u\000l\000a\000\040\000e\000\040\000e\000s\000t\000r\000a\000n\000g\000e\000i\000r\000a\000\040\000\050\000o\000b\000r\000i\000g\000a\000t\000\363\000r\000i\000o\000\051}{section.5}% 57
\BOOKMARK [2][-]{subsection.5.10}{\376\377\0005\000.\0001\0000\000\040\000L\000i\000s\000t\000a\000\040\000d\000e\000\040\000i\000l\000u\000s\000t\000r\000a\000\347\000\365\000e\000s\000\040\000\050\000o\000p\000c\000i\000o\000n\000a\000l\000\051}{section.5}% 58
\BOOKMARK [2][-]{subsection.5.11}{\376\377\0005\000.\0001\0001\000\040\000L\000i\000s\000t\000a\000\040\000d\000e\000\040\000t\000a\000b\000e\000l\000a\000s\000\040\000\050\000o\000p\000c\000i\000o\000n\000a\000l\000\051}{section.5}% 59
\BOOKMARK [2][-]{subsection.5.12}{\376\377\0005\000.\0001\0002\000\040\000L\000i\000s\000t\000a\000\040\000d\000e\000\040\000a\000b\000r\000e\000v\000i\000a\000t\000u\000r\000a\000s\000\040\000e\000\040\000s\000i\000g\000l\000a\000s\000\040\000\050\000o\000p\000c\000i\000o\000n\000a\000l\000\051}{section.5}% 60
\BOOKMARK [2][-]{subsection.5.13}{\376\377\0005\000.\0001\0003\000\040\000L\000i\000s\000t\000a\000\040\000d\000e\000\040\000s\000\355\000m\000b\000o\000l\000o\000s\000\040\000\050\000o\000p\000c\000i\000o\000n\000a\000l\000\051}{section.5}% 61
\BOOKMARK [2][-]{subsection.5.14}{\376\377\0005\000.\0001\0004\000\040\000S\000u\000m\000\341\000r\000i\000o\000\040\000\050\000o\000b\000r\000i\000g\000a\000t\000\363\000r\000i\000o\000\051}{section.5}% 62
\BOOKMARK [1][-]{section.6}{\376\377\0006\000\040\000E\000l\000e\000m\000e\000n\000t\000o\000s\000\040\000t\000e\000x\000t\000u\000a\000i\000s}{}% 63
\BOOKMARK [2][-]{subsection.6.1}{\376\377\0006\000.\0001\000\040\000F\000o\000r\000m\000a\000t\000a\000\347\000\343\000o\000\040\000d\000o\000s\000\040\000t\000\355\000t\000u\000l\000o\000s\000:\000\040\000p\000a\000r\000t\000e\000s\000,\000\040\000c\000a\000p\000\355\000t\000u\000l\000o\000s\000,\000\040\000s\000e\000\347\000\365\000e\000s\000,\000\040\000s\000u\000b\000s\000e\000\347\000\365\000e\000s\000\040\000e\000\040\000s\000u\000b\000s\000u\000b\000s\000e\000\347\000\365\000e\000s}{section.6}% 64
\BOOKMARK [3][-]{subsubsection.6.1.1}{\376\377\0006\000.\0001\000.\0001\000\040\000E\000s\000t\000i\000l\000o\000s\000\040\000a\000d\000i\000c\000i\000o\000n\000a\000i\000s\000\040\000d\000e\000\040\000c\000a\000p\000\355\000t\000u\000l\000o\000s}{subsection.6.1}% 65
\BOOKMARK [3][-]{subsubsection.6.1.2}{\376\377\0006\000.\0001\000.\0002\000\040\000C\000a\000b\000e\000\347\000a\000l\000h\000o\000s\000\040\000d\000e\000\040\000c\000a\000p\000\355\000t\000u\000l\000o\000s\000\040\000c\000o\000m\000\040\000*}{subsection.6.1}% 66
\BOOKMARK [3][-]{subsubsection.6.1.3}{\376\377\0006\000.\0001\000.\0003\000\040\000E\000s\000p\000a\000\347\000a\000m\000e\000n\000t\000o\000\040\000e\000n\000t\000r\000e\000\040\000o\000s\000\040\000c\000a\000p\000\355\000t\000u\000l\000o\000s\000\040\000e\000\040\000o\000\040\000t\000e\000x\000t\000o}{subsection.6.1}% 67
\BOOKMARK [2][-]{subsection.6.2}{\376\377\0006\000.\0002\000\040\000C\000i\000t\000a\000\347\000\365\000e\000s\000\040\000d\000i\000r\000e\000t\000a\000s\000\040\000c\000o\000m\000\040\000m\000a\000i\000s\000\040\000d\000e\000\040\000t\000r\000\352\000s\000\040\000l\000i\000n\000h\000a\000s}{section.6}% 68
\BOOKMARK [2][-]{subsection.6.3}{\376\377\0006\000.\0003\000\040\000A\000l\000\355\000n\000e\000a\000s\000\040\000e\000\040\000S\000u\000b\000a\000l\000\355\000n\000e\000a\000s}{section.6}% 69
\BOOKMARK [2][-]{subsection.6.4}{\376\377\0006\000.\0004\000\040\000R\000\363\000t\000u\000l\000o\000s\000\040\000e\000\040\000l\000e\000g\000e\000n\000d\000a\000s}{section.6}% 70
\BOOKMARK [2][-]{subsection.6.5}{\376\377\0006\000.\0005\000\040\000T\000a\000b\000e\000l\000a\000s\000\040\000e\000m\000\040\000c\000o\000n\000f\000o\000r\000m\000i\000d\000a\000d\000e\000\040\000c\000o\000m\000\040\000p\000a\000d\000r\000\365\000e\000s\000\040\000d\000o\000\040\000I\000B\000G\000E}{section.6}% 71
\BOOKMARK [2][-]{subsection.6.6}{\376\377\0006\000.\0006\000\040\000Q\000u\000a\000d\000r\000o\000s\000\040\000n\000o\000\040\000m\000o\000d\000e\000l\000o\000\040\000d\000e\000\040\000t\000r\000a\000b\000a\000l\000h\000o\000\040\000a\000c\000a\000d\000\352\000m\000i\000c\000o}{section.6}% 72
\BOOKMARK [1][-]{section.7}{\376\377\0007\000\040\000E\000l\000e\000m\000e\000n\000t\000o\000s\000\040\000p\000\363\000s\000-\000t\000e\000x\000t\000u\000a\000i\000s}{}% 73
\BOOKMARK [2][-]{subsection.7.1}{\376\377\0007\000.\0001\000\040\000R\000e\000f\000e\000r\000\352\000n\000c\000i\000a\000s\000\040\000\050\000o\000b\000r\000i\000g\000a\000t\000\363\000r\000i\000o\000\051}{section.7}% 74
\BOOKMARK [2][-]{subsection.7.2}{\376\377\0007\000.\0002\000\040\000G\000l\000o\000s\000s\000\341\000r\000i\000o\000\040\000\050\000o\000p\000c\000i\000o\000n\000a\000l\000\051}{section.7}% 75
\BOOKMARK [2][-]{subsection.7.3}{\376\377\0007\000.\0003\000\040\000A\000p\000\352\000n\000d\000i\000c\000e\000s\000\040\000\050\000o\000p\000c\000i\000o\000n\000a\000l\000\051}{section.7}% 76
\BOOKMARK [2][-]{subsection.7.4}{\376\377\0007\000.\0004\000\040\000A\000n\000e\000x\000o\000s\000\040\000\050\000o\000p\000c\000i\000o\000n\000a\000l\000\051}{section.7}% 77
\BOOKMARK [2][-]{subsection.7.5}{\376\377\0007\000.\0005\000\040\000\315\000n\000d\000i\000c\000e\000\040\000\050\000o\000p\000c\000i\000o\000n\000a\000l\000\051}{section.7}% 78
\BOOKMARK [1][-]{section.8}{\376\377\0008\000\040\000M\000a\000i\000s\000\040\000i\000n\000f\000o\000r\000m\000a\000\347\000\365\000e\000s}{}% 79
\BOOKMARK [1][-]{section.8}{\376\377\000R\000e\000f\000e\000r\000\352\000n\000c\000i\000a\000s}{}% 80
